c:\users\ankous\documents\game\gamedraft\gamedraft\debug\vc140.pdb
c:\users\ankous\documents\game\gamedraft\gamedraft\debug\vc140.idb
c:\users\ankous\documents\game\gamedraft\gamedraft\debug\character.obj
c:\users\ankous\documents\game\gamedraft\gamedraft\debug\game.obj
c:\users\ankous\documents\game\gamedraft\gamedraft\debug\inventoryitem.obj
c:\users\ankous\documents\game\gamedraft\gamedraft\debug\inventoryitem_consume.obj
c:\users\ankous\documents\game\gamedraft\gamedraft\debug\inventoryitem_hold.obj
c:\users\ankous\documents\game\gamedraft\gamedraft\debug\item.obj
c:\users\ankous\documents\game\gamedraft\gamedraft\debug\keyitem.obj
c:\users\ankous\documents\game\gamedraft\gamedraft\debug\level.obj
c:\users\ankous\documents\game\gamedraft\gamedraft\debug\main.obj
c:\users\ankous\documents\game\gamedraft\gamedraft\debug\mmenue.obj
c:\users\ankous\documents\game\gamedraft\gamedraft\debug\obst.obj
c:\users\ankous\documents\game\gamedraft\gamedraft\debug\player.obj
c:\users\ankous\documents\game\gamedraft\gamedraft\debug\spikes.obj
c:\users\ankous\documents\game\gamedraft\gamedraft\debug\splach.obj
c:\users\ankous\documents\game\gamedraft\gamedraft\debug\user.obj
c:\users\ankous\documents\game\gamedraft\gamedraft\debug\wall.obj
c:\users\ankous\documents\game\gamedraft\debug\gamedraft.ilk
c:\users\ankous\documents\game\gamedraft\debug\gamedraft.exe
c:\users\ankous\documents\game\gamedraft\debug\gamedraft.pdb
c:\users\ankous\documents\game\gamedraft\gamedraft\debug\gamedraft.tlog\cl.command.1.tlog
c:\users\ankous\documents\game\gamedraft\gamedraft\debug\gamedraft.tlog\cl.read.1.tlog
c:\users\ankous\documents\game\gamedraft\gamedraft\debug\gamedraft.tlog\cl.write.1.tlog
c:\users\ankous\documents\game\gamedraft\gamedraft\debug\gamedraft.tlog\link.command.1.tlog
c:\users\ankous\documents\game\gamedraft\gamedraft\debug\gamedraft.tlog\link.read.1.tlog
c:\users\ankous\documents\game\gamedraft\gamedraft\debug\gamedraft.tlog\link.write.1.tlog
